mode: set
github.com/brucebotes/celeritas/mailer/mail.go:53.32,55.6 1 1
github.com/brucebotes/celeritas/mailer/mail.go:55.6,58.17 3 1
github.com/brucebotes/celeritas/mailer/mail.go:58.17,60.4 1 1
github.com/brucebotes/celeritas/mailer/mail.go:60.9,62.4 1 1
github.com/brucebotes/celeritas/mailer/mail.go:68.40,70.81 1 1
github.com/brucebotes/celeritas/mailer/mail.go:74.2,74.31 1 1
github.com/brucebotes/celeritas/mailer/mail.go:70.81,72.3 1 1
github.com/brucebotes/celeritas/mailer/mail.go:77.45,79.15 1 1
github.com/brucebotes/celeritas/mailer/mail.go:80.42,81.36 1 0
github.com/brucebotes/celeritas/mailer/mail.go:82.10,83.90 1 1
github.com/brucebotes/celeritas/mailer/mail.go:88.66,89.20 1 1
github.com/brucebotes/celeritas/mailer/mail.go:93.2,93.24 1 1
github.com/brucebotes/celeritas/mailer/mail.go:97.2,105.16 3 1
github.com/brucebotes/celeritas/mailer/mail.go:109.2,110.16 2 0
github.com/brucebotes/celeritas/mailer/mail.go:114.2,115.16 2 0
github.com/brucebotes/celeritas/mailer/mail.go:119.2,128.16 3 0
github.com/brucebotes/celeritas/mailer/mail.go:132.2,133.16 2 0
github.com/brucebotes/celeritas/mailer/mail.go:137.2,137.12 1 0
github.com/brucebotes/celeritas/mailer/mail.go:89.20,91.3 1 1
github.com/brucebotes/celeritas/mailer/mail.go:93.24,95.3 1 1
github.com/brucebotes/celeritas/mailer/mail.go:105.16,107.3 1 1
github.com/brucebotes/celeritas/mailer/mail.go:110.16,112.3 1 0
github.com/brucebotes/celeritas/mailer/mail.go:115.16,117.3 1 0
github.com/brucebotes/celeritas/mailer/mail.go:128.16,130.3 1 0
github.com/brucebotes/celeritas/mailer/mail.go:133.16,135.3 1 0
github.com/brucebotes/celeritas/mailer/mail.go:140.79,141.30 1 0
github.com/brucebotes/celeritas/mailer/mail.go:160.2,160.12 1 0
github.com/brucebotes/celeritas/mailer/mail.go:141.30,144.37 2 0
github.com/brucebotes/celeritas/mailer/mail.go:157.3,157.31 1 0
github.com/brucebotes/celeritas/mailer/mail.go:144.37,147.18 3 0
github.com/brucebotes/celeritas/mailer/mail.go:151.4,154.45 4 0
github.com/brucebotes/celeritas/mailer/mail.go:147.18,149.5 1 0
github.com/brucebotes/celeritas/mailer/mail.go:164.51,166.16 2 1
github.com/brucebotes/celeritas/mailer/mail.go:170.2,171.16 2 1
github.com/brucebotes/celeritas/mailer/mail.go:175.2,186.16 11 1
github.com/brucebotes/celeritas/mailer/mail.go:190.2,198.30 5 1
github.com/brucebotes/celeritas/mailer/mail.go:204.2,205.16 2 1
github.com/brucebotes/celeritas/mailer/mail.go:209.2,209.12 1 1
github.com/brucebotes/celeritas/mailer/mail.go:166.16,168.3 1 0
github.com/brucebotes/celeritas/mailer/mail.go:171.16,173.3 1 0
github.com/brucebotes/celeritas/mailer/mail.go:186.16,188.3 1 0
github.com/brucebotes/celeritas/mailer/mail.go:198.30,199.37 1 1
github.com/brucebotes/celeritas/mailer/mail.go:199.37,201.4 1 1
github.com/brucebotes/celeritas/mailer/mail.go:205.16,207.3 1 1
github.com/brucebotes/celeritas/mailer/mail.go:212.56,213.11 1 1
github.com/brucebotes/celeritas/mailer/mail.go:214.13,215.33 1 0
github.com/brucebotes/celeritas/mailer/mail.go:216.13,217.28 1 0
github.com/brucebotes/celeritas/mailer/mail.go:218.14,219.29 1 1
github.com/brucebotes/celeritas/mailer/mail.go:220.10,221.33 1 0
github.com/brucebotes/celeritas/mailer/mail.go:225.62,229.16 3 1
github.com/brucebotes/celeritas/mailer/mail.go:233.2,234.65 2 1
github.com/brucebotes/celeritas/mailer/mail.go:238.2,240.16 3 1
github.com/brucebotes/celeritas/mailer/mail.go:244.2,244.30 1 1
github.com/brucebotes/celeritas/mailer/mail.go:229.16,231.3 1 0
github.com/brucebotes/celeritas/mailer/mail.go:234.65,236.3 1 0
github.com/brucebotes/celeritas/mailer/mail.go:240.16,242.3 1 0
github.com/brucebotes/celeritas/mailer/mail.go:247.67,251.16 3 1
github.com/brucebotes/celeritas/mailer/mail.go:255.2,256.65 2 1
github.com/brucebotes/celeritas/mailer/mail.go:260.2,262.26 2 1
github.com/brucebotes/celeritas/mailer/mail.go:251.16,253.3 1 0
github.com/brucebotes/celeritas/mailer/mail.go:256.65,258.3 1 0
github.com/brucebotes/celeritas/mailer/mail.go:266.52,274.16 3 1
github.com/brucebotes/celeritas/mailer/mail.go:278.2,279.16 2 1
github.com/brucebotes/celeritas/mailer/mail.go:283.2,283.18 1 1
github.com/brucebotes/celeritas/mailer/mail.go:274.16,276.3 1 0
github.com/brucebotes/celeritas/mailer/mail.go:279.16,281.3 1 0
